# JRE version: Java(TM) SE Runtime Environment (8.0_181-b13) (build 1.8.0_181-b13)
# Java VM: Java HotSpot(TM) 64-Bit Server VM (25.181-b13 mixed mode windows-amd64 compressed oops)
Heap:
 PSYoungGen      total 115200K, used 21339K [0x00000000f5580000, 0x00000000fe800000, 0x0000000100000000)
  eden space 107008K, 19% used [0x00000000f5580000,0x00000000f6a56cc8,0x00000000fbe00000)
  from space 8192K, 0% used [0x00000000fe000000,0x00000000fe000000,0x00000000fe800000)
  to   space 10752K, 0% used [0x00000000fd300000,0x00000000fd300000,0x00000000fdd80000)
 ParOldGen       total 175104K, used 16301K [0x00000000e0000000, 0x00000000eab00000, 0x00000000f5580000)
  object space 175104K, 9% used [0x00000000e0000000,0x00000000e0feb560,0x00000000eab00000)
 Metaspace       used 37439K, capacity 38178K, committed 38528K, reserved 1083392K
  class space    used 5208K, capacity 5420K, committed 5504K, reserved 1048576K
GC Heap History (10 events):
Event: 2.832 GC heap before
{Heap before GC invocations=4 (full 1):
 PSYoungGen      total 76288K, used 10746K [0x00000000f5580000, 0x00000000fea80000, 0x0000000100000000)
  eden space 65536K, 0% used [0x00000000f5580000,0x00000000f5580000,0x00000000f9580000)
  from space 10752K, 99% used [0x00000000f9580000,0x00000000f9ffe880,0x00000000fa000000)
  to   space 10752K, 0% used [0x00000000fe000000,0x00000000fe000000,0x00000000fea80000)
 ParOldGen       total 175104K, used 777K [0x00000000e0000000, 0x00000000eab00000, 0x00000000f5580000)
  object space 175104K, 0% used [0x00000000e0000000,0x00000000e00c26b8,0x00000000eab00000)
 Metaspace       used 20767K, capacity 21166K, committed 21296K, reserved 1067008K
  class space    used 3009K, capacity 3192K, committed 3200K, reserved 1048576K
Event: 2.861 GC heap after
Heap after GC invocations=4 (full 1):
 PSYoungGen      total 76288K, used 0K [0x00000000f5580000, 0x00000000fea80000, 0x0000000100000000)
  eden space 65536K, 0% used [0x00000000f5580000,0x00000000f5580000,0x00000000f9580000)
  from space 10752K, 0% used [0x00000000f9580000,0x00000000f9580000,0x00000000fa000000)
  to   space 10752K, 0% used [0x00000000fe000000,0x00000000fe000000,0x00000000fea80000)
 ParOldGen       total 175104K, used 11083K [0x00000000e0000000, 0x00000000eab00000, 0x00000000f5580000)
  object space 175104K, 6% used [0x00000000e0000000,0x00000000e0ad2f48,0x00000000eab00000)
 Metaspace       used 20767K, capacity 21166K, committed 21296K, reserved 1067008K
  class space    used 3009K, capacity 3192K, committed 3200K, reserved 1048576K
}
Event: 3.517 GC heap before
{Heap before GC invocations=5 (full 1):
 PSYoungGen      total 76288K, used 65536K [0x00000000f5580000, 0x00000000fea80000, 0x0000000100000000)
  eden space 65536K, 100% used [0x00000000f5580000,0x00000000f9580000,0x00000000f9580000)
  from space 10752K, 0% used [0x00000000f9580000,0x00000000f9580000,0x00000000fa000000)
  to   space 10752K, 0% used [0x00000000fe000000,0x00000000fe000000,0x00000000fea80000)
 ParOldGen       total 175104K, used 11083K [0x00000000e0000000, 0x00000000eab00000, 0x00000000f5580000)
  object space 175104K, 6% used [0x00000000e0000000,0x00000000e0ad2f48,0x00000000eab00000)
 Metaspace       used 28685K, capacity 29112K, committed 29568K, reserved 1075200K
  class space    used 3947K, capacity 4104K, committed 4224K, reserved 1048576K
Event: 3.522 GC heap after
Heap after GC invocations=5 (full 1):
 PSYoungGen      total 115200K, used 7911K [0x00000000f5580000, 0x00000000fe800000, 0x0000000100000000)
  eden space 107008K, 0% used [0x00000000f5580000,0x00000000f5580000,0x00000000fbe00000)
  from space 8192K, 96% used [0x00000000fe000000,0x00000000fe7b9c20,0x00000000fe800000)
  to   space 10752K, 0% used [0x00000000fd300000,0x00000000fd300000,0x00000000fdd80000)
 ParOldGen       total 175104K, used 11091K [0x00000000e0000000, 0x00000000eab00000, 0x00000000f5580000)
  object space 175104K, 6% used [0x00000000e0000000,0x00000000e0ad4f48,0x00000000eab00000)
 Metaspace       used 28685K, capacity 29112K, committed 29568K, reserved 1075200K
  class space    used 3947K, capacity 4104K, committed 4224K, reserved 1048576K
}
Event: 4.138 GC heap before
{Heap before GC invocations=6 (full 1):
 PSYoungGen      total 115200K, used 114919K [0x00000000f5580000, 0x00000000fe800000, 0x0000000100000000)
  eden space 107008K, 100% used [0x00000000f5580000,0x00000000fbe00000,0x00000000fbe00000)
  from space 8192K, 96% used [0x00000000fe000000,0x00000000fe7b9c20,0x00000000fe800000)
  to   space 10752K, 0% used [0x00000000fd300000,0x00000000fd300000,0x00000000fdd80000)
 ParOldGen       total 175104K, used 11091K [0x00000000e0000000, 0x00000000eab00000, 0x00000000f5580000)
  object space 175104K, 6% used [0x00000000e0000000,0x00000000e0ad4f48,0x00000000eab00000)
 Metaspace       used 33687K, capacity 34314K, committed 34688K, reserved 1079296K
  class space    used 4758K, capacity 4974K, committed 4992K, reserved 1048576K
Event: 4.147 GC heap after
Heap after GC invocations=6 (full 1):
 PSYoungGen      total 117760K, used 10751K [0x00000000f5580000, 0x00000000fe800000, 0x0000000100000000)
  eden space 107008K, 0% used [0x00000000f5580000,0x00000000f5580000,0x00000000fbe00000)
  from space 10752K, 99% used [0x00000000fd300000,0x00000000fdd7ff10,0x00000000fdd80000)
  to   space 8192K, 0% used [0x00000000fe000000,0x00000000fe000000,0x00000000fe800000)
 ParOldGen       total 175104K, used 12246K [0x00000000e0000000, 0x00000000eab00000, 0x00000000f5580000)
  object space 175104K, 6% used [0x00000000e0000000,0x00000000e0bf5b80,0x00000000eab00000)
 Metaspace       used 33687K, capacity 34314K, committed 34688K, reserved 1079296K
  class space    used 4758K, capacity 4974K, committed 4992K, reserved 1048576K
}
Event: 4.304 GC heap before
{Heap before GC invocations=7 (full 1):
 PSYoungGen      total 117760K, used 29005K [0x00000000f5580000, 0x00000000fe800000, 0x0000000100000000)
  eden space 107008K, 17% used [0x00000000f5580000,0x00000000f67536a8,0x00000000fbe00000)
  from space 10752K, 99% used [0x00000000fd300000,0x00000000fdd7ff10,0x00000000fdd80000)
  to   space 8192K, 0% used [0x00000000fe000000,0x00000000fe000000,0x00000000fe800000)
 ParOldGen       total 175104K, used 12246K [0x00000000e0000000, 0x00000000eab00000, 0x00000000f5580000)
  object space 175104K, 6% used [0x00000000e0000000,0x00000000e0bf5b80,0x00000000eab00000)
 Metaspace       used 34629K, capacity 35360K, committed 35496K, reserved 1079296K
  class space    used 4904K, capacity 5097K, committed 5120K, reserved 1048576K
Event: 4.309 GC heap after
Heap after GC invocations=7 (full 1):
 PSYoungGen      total 115200K, used 8179K [0x00000000f5580000, 0x00000000fe800000, 0x0000000100000000)
  eden space 107008K, 0% used [0x00000000f5580000,0x00000000f5580000,0x00000000fbe00000)
  from space 8192K, 99% used [0x00000000fe000000,0x00000000fe7fcd48,0x00000000fe800000)
  to   space 10752K, 0% used [0x00000000fd300000,0x00000000fd300000,0x00000000fdd80000)
 ParOldGen       total 175104K, used 12833K [0x00000000e0000000, 0x00000000eab00000, 0x00000000f5580000)
  object space 175104K, 7% used [0x00000000e0000000,0x00000000e0c884f0,0x00000000eab00000)
 Metaspace       used 34629K, capacity 35360K, committed 35496K, reserved 1079296K
  class space    used 4904K, capacity 5097K, committed 5120K, reserved 1048576K
}
Event: 4.309 GC heap before
{Heap before GC invocations=8 (full 2):
 PSYoungGen      total 115200K, used 8179K [0x00000000f5580000, 0x00000000fe800000, 0x0000000100000000)
  eden space 107008K, 0% used [0x00000000f5580000,0x00000000f5580000,0x00000000fbe00000)
  from space 8192K, 99% used [0x00000000fe000000,0x00000000fe7fcd48,0x00000000fe800000)
  to   space 10752K, 0% used [0x00000000fd300000,0x00000000fd300000,0x00000000fdd80000)
 ParOldGen       total 175104K, used 12833K [0x00000000e0000000, 0x00000000eab00000, 0x00000000f5580000)
  object space 175104K, 7% used [0x00000000e0000000,0x00000000e0c884f0,0x00000000eab00000)
 Metaspace       used 34629K, capacity 35360K, committed 35496K, reserved 1079296K
  class space    used 4904K, capacity 5097K, committed 5120K, reserved 1048576K
Event: 4.348 GC heap after
Heap after GC invocations=8 (full 2):
 PSYoungGen      total 115200K, used 0K [0x00000000f5580000, 0x00000000fe800000, 0x0000000100000000)
  eden space 107008K, 0% used [0x00000000f5580000,0x00000000f5580000,0x00000000fbe00000)
  from space 8192K, 0% used [0x00000000fe000000,0x00000000fe000000,0x00000000fe800000)
  to   space 10752K, 0% used [0x00000000fd300000,0x00000000fd300000,0x00000000fdd80000)
 ParOldGen       total 175104K, used 16301K [0x00000000e0000000, 0x00000000eab00000, 0x00000000f5580000)
  object space 175104K, 9% used [0x00000000e0000000,0x00000000e0feb560,0x00000000eab00000)
 Metaspace       used 34607K, capacity 35288K, committed 35496K, reserved 1079296K
  class space    used 4897K, capacity 5085K, committed 5120K, reserved 1048576K
}

